{"contracts/SecretAgreement.sol":{"l":{"36":22,"37":22,"38":21,"39":21,"40":21,"41":21,"42":21,"46":24,"47":22,"48":12,"51":10,"61":13,"62":13,"63":13,"65":13,"66":9,"67":8,"68":7,"69":7,"71":7,"72":7,"73":7,"82":8,"83":8,"84":8,"85":7},"path":"/Users/leandrofaria/code/reprod/2023/06/21/eco-take-home/contracts/SecretAgreement.sol","s":{"1":22,"2":22,"3":24,"4":22,"5":10,"6":13,"7":13,"8":13,"9":13,"10":9,"11":8,"12":7,"13":7,"14":7,"15":8,"16":8,"17":8,"18":7},"b":{"1":[1,21],"2":[2,22],"3":[12,10],"4":[10,0],"5":[4,9],"6":[1,8],"7":[1,0],"8":[0,7],"9":[0,7],"10":[0,7],"11":[0,8],"12":[1,7]},"f":{"1":22,"2":24,"3":13,"4":8},"fnMap":{"1":{"name":"createAgreement","line":35,"loc":{"start":{"line":35,"column":4},"end":{"line":43,"column":4}}},"2":{"name":"agreeToSecret","line":45,"loc":{"start":{"line":45,"column":4},"end":{"line":54,"column":4}}},"3":{"name":"revealSecret","line":60,"loc":{"start":{"line":60,"column":4},"end":{"line":74,"column":4}}},"4":{"name":"_verifySignature","line":81,"loc":{"start":{"line":81,"column":4},"end":{"line":87,"column":4}}}},"statementMap":{"1":{"start":{"line":36,"column":8},"end":{"line":36,"column":61}},"2":{"start":{"line":37,"column":8},"end":{"line":37,"column":74}},"3":{"start":{"line":46,"column":8},"end":{"line":46,"column":134}},"4":{"start":{"line":47,"column":8},"end":{"line":47,"column":1581}},"5":{"start":{"line":50,"column":13},"end":{"line":50,"column":1708}},"6":{"start":{"line":61,"column":8},"end":{"line":61,"column":64}},"7":{"start":{"line":62,"column":8},"end":{"line":62,"column":73}},"8":{"start":{"line":63,"column":8},"end":{"line":63,"column":65}},"9":{"start":{"line":65,"column":8},"end":{"line":65,"column":134}},"10":{"start":{"line":66,"column":8},"end":{"line":66,"column":145}},"11":{"start":{"line":67,"column":8},"end":{"line":67,"column":98}},"12":{"start":{"line":68,"column":8},"end":{"line":68,"column":73}},"13":{"start":{"line":69,"column":8},"end":{"line":69,"column":60}},"14":{"start":{"line":71,"column":8},"end":{"line":71,"column":56}},"15":{"start":{"line":82,"column":8},"end":{"line":82,"column":66}},"16":{"start":{"line":83,"column":8},"end":{"line":83,"column":67}},"17":{"start":{"line":84,"column":8},"end":{"line":84,"column":142}},"18":{"start":{"line":85,"column":8},"end":{"line":85,"column":19}}},"branchMap":{"1":{"line":37,"type":"if","locations":[{"start":{"line":37,"column":8},"end":{"line":37,"column":8}},{"start":{"line":37,"column":8},"end":{"line":37,"column":8}}]},"2":{"line":46,"type":"if","locations":[{"start":{"line":46,"column":8},"end":{"line":46,"column":8}},{"start":{"line":46,"column":8},"end":{"line":46,"column":8}}]},"3":{"line":47,"type":"if","locations":[{"start":{"line":47,"column":8},"end":{"line":47,"column":8}},{"start":{"line":47,"column":8},"end":{"line":47,"column":8}}]},"4":{"line":50,"type":"if","locations":[{"start":{"line":50,"column":13},"end":{"line":50,"column":13}},{"start":{"line":50,"column":13},"end":{"line":50,"column":13}}]},"5":{"line":65,"type":"if","locations":[{"start":{"line":65,"column":8},"end":{"line":65,"column":8}},{"start":{"line":65,"column":8},"end":{"line":65,"column":8}}]},"6":{"line":66,"type":"if","locations":[{"start":{"line":66,"column":8},"end":{"line":66,"column":8}},{"start":{"line":66,"column":8},"end":{"line":66,"column":8}}]},"7":{"line":66,"type":"cond-expr","locations":[{"start":{"line":66,"column":11},"end":{"line":66,"column":56}},{"start":{"line":66,"column":61},"end":{"line":66,"column":106}}]},"8":{"line":67,"type":"if","locations":[{"start":{"line":67,"column":8},"end":{"line":67,"column":8}},{"start":{"line":67,"column":8},"end":{"line":67,"column":8}}]},"9":{"line":68,"type":"if","locations":[{"start":{"line":68,"column":8},"end":{"line":68,"column":8}},{"start":{"line":68,"column":8},"end":{"line":68,"column":8}}]},"10":{"line":69,"type":"if","locations":[{"start":{"line":69,"column":8},"end":{"line":69,"column":8}},{"start":{"line":69,"column":8},"end":{"line":69,"column":8}}]},"11":{"line":83,"type":"if","locations":[{"start":{"line":83,"column":8},"end":{"line":83,"column":8}},{"start":{"line":83,"column":8},"end":{"line":83,"column":8}}]},"12":{"line":84,"type":"if","locations":[{"start":{"line":84,"column":8},"end":{"line":84,"column":8}},{"start":{"line":84,"column":8},"end":{"line":84,"column":8}}]}}}}