TN:
SF:/Users/leandrofaria/code/reprod/2023/06/21/eco-take-home/contracts/SecretAgreement.sol
FN:35,createAgreement
FN:45,agreeToSecret
FN:60,revealSecret
FN:81,_verifySignature
FNF:4
FNH:4
FNDA:22,createAgreement
FNDA:24,agreeToSecret
FNDA:13,revealSecret
FNDA:8,_verifySignature
DA:36,22
DA:37,22
DA:38,21
DA:39,21
DA:40,21
DA:41,21
DA:42,21
DA:46,24
DA:47,22
DA:48,12
DA:51,10
DA:61,13
DA:62,13
DA:63,13
DA:65,13
DA:66,9
DA:67,8
DA:68,7
DA:69,7
DA:71,7
DA:72,7
DA:73,7
DA:82,8
DA:83,8
DA:84,8
DA:85,7
LF:26
LH:26
BRDA:37,1,0,1
BRDA:37,1,1,21
BRDA:46,2,0,2
BRDA:46,2,1,22
BRDA:47,3,0,12
BRDA:47,3,1,10
BRDA:50,4,0,10
BRDA:50,4,1,0
BRDA:65,5,0,4
BRDA:65,5,1,9
BRDA:66,6,0,1
BRDA:66,6,1,8
BRDA:66,7,0,1
BRDA:66,7,1,0
BRDA:67,8,0,0
BRDA:67,8,1,7
BRDA:68,9,0,0
BRDA:68,9,1,7
BRDA:69,10,0,0
BRDA:69,10,1,7
BRDA:83,11,0,0
BRDA:83,11,1,8
BRDA:84,12,0,1
BRDA:84,12,1,7
BRF:24
BRH:18
end_of_record
